<?xml version="1.0" encoding="UTF-8"?>
<testng-results skipped="0" failed="1" ignored="0" total="2" passed="1">
  <reporter-output>
  </reporter-output>
  <suite name="AndroidNativeSuite" duration-ms="27711" started-at="2019-11-05T12:22:31 CET" finished-at="2019-11-05T12:22:58 CET">
    <groups>
    </groups>
    <test name="Android native app test on Pixel" duration-ms="23959" started-at="2019-11-05T12:22:31 CET" finished-at="2019-11-05T12:22:54 CET">
      <class name="pages.prl.tests.AndroidNativeParallelTests">
        <test-method status="PASS" signature="setup(java.lang.String, java.lang.String, java.lang.String)[pri:0, instance:pages.prl.tests.AndroidNativeParallelTests@5649fd9b]" name="setup" is-config="true" duration-ms="11839" started-at="2019-11-05T12:22:31 CET" finished-at="2019-11-05T12:22:42 CET">
          <params>
            <param index="0">
              <value>
                <![CDATA[Android 8.0]]>
              </value>
            </param>
            <param index="1">
              <value>
                <![CDATA[emulator-5554]]>
              </value>
            </param>
            <param index="2">
              <value>
                <![CDATA[8201]]>
              </value>
            </param>
          </params>
          <reporter-output>
          </reporter-output>
        </test-method> <!-- setup -->
        <test-method status="PASS" signature="testLoginAndLogout()[pri:0, instance:pages.prl.tests.AndroidNativeParallelTests@5649fd9b]" name="testLoginAndLogout" duration-ms="11388" started-at="2019-11-05T12:22:42 CET" finished-at="2019-11-05T12:22:54 CET">
          <reporter-output>
          </reporter-output>
        </test-method> <!-- testLoginAndLogout -->
        <test-method status="PASS" signature="teardown()[pri:0, instance:pages.prl.tests.AndroidNativeParallelTests@5649fd9b]" name="teardown" is-config="true" duration-ms="702" started-at="2019-11-05T12:22:54 CET" finished-at="2019-11-05T12:22:54 CET">
          <reporter-output>
          </reporter-output>
        </test-method> <!-- teardown -->
      </class> <!-- pages.prl.tests.AndroidNativeParallelTests -->
    </test> <!-- Android native app test on Pixel -->
    <test name="Android native app test on s8" duration-ms="27711" started-at="2019-11-05T12:22:31 CET" finished-at="2019-11-05T12:22:58 CET">
      <class name="pages.prl.tests.AndroidNativeParallelTests">
        <test-method status="PASS" signature="setup(java.lang.String, java.lang.String, java.lang.String)[pri:0, instance:pages.prl.tests.AndroidNativeParallelTests@553f17c]" name="setup" is-config="true" duration-ms="13388" started-at="2019-11-05T12:22:31 CET" finished-at="2019-11-05T12:22:44 CET">
          <params>
            <param index="0">
              <value>
                <![CDATA[Android 9]]>
              </value>
            </param>
            <param index="1">
              <value>
                <![CDATA[ce10171ac14acf2004]]>
              </value>
            </param>
            <param index="2">
              <value>
                <![CDATA[8200]]>
              </value>
            </param>
          </params>
          <reporter-output>
          </reporter-output>
        </test-method> <!-- setup -->
        <test-method status="FAIL" signature="testLoginAndLogout()[pri:0, instance:pages.prl.tests.AndroidNativeParallelTests@553f17c]" name="testLoginAndLogout" duration-ms="13565" started-at="2019-11-05T12:22:44 CET" finished-at="2019-11-05T12:22:57 CET">
          <exception class="org.openqa.selenium.StaleElementReferenceException">
            <message>
              <![CDATA[Cached elements 'By.id: hu.drukka.servee:id/btnPay' do not exist in DOM anymore
For documentation on this error, please visit: https://www.seleniumhq.org/exceptions/stale_element_reference.html
Build info: version: '3.141.59', revision: 'e82be7d358', time: '2018-11-14T08:17:03'
System info: host: 'DESKTOP-0OM00FO', ip: '192.168.56.1', os.name: 'Windows 10', os.arch: 'amd64', os.version: '10.0', java.version: '1.8.0_221'
Driver info: io.appium.java_client.android.AndroidDriver
Capabilities {appActivity: hu.drukka.servee.ui.MainAct..., appPackage: hu.drukka.servee, automationName: uiautomator2, databaseEnabled: false, desired: {appActivity: hu.drukka.servee.ui.MainAct..., appPackage: hu.drukka.servee, automationName: uiautomator2, deviceName: Android Emulator, noReset: false, orientation: PORTRAIT, platformName: android, platformVersion: 9, systemPort: 8200, udid: ce10171ac14acf2004}, deviceApiLevel: 28, deviceManufacturer: samsung, deviceModel: SM-G950F, deviceName: ce10171ac14acf2004, deviceScreenDensity: 640, deviceScreenSize: 1440x2960, deviceUDID: ce10171ac14acf2004, javascriptEnabled: true, locationContextEnabled: false, networkConnectionEnabled: true, noReset: false, orientation: PORTRAIT, pixelRatio: 4, platform: LINUX, platformName: Android, platformVersion: 9, statBarHeight: 96, systemPort: 8200, takesScreenshot: true, udid: ce10171ac14acf2004, viewportRect: {height: 2672, left: 0, top: 96, width: 1440}, warnings: {}, webStorageEnabled: false}
Session ID: 54231252-3225-4b63-a9f7-8ccbe00a8be8]]>
            </message>
            <full-stacktrace>
              <![CDATA[org.openqa.selenium.StaleElementReferenceException: Cached elements 'By.id: hu.drukka.servee:id/btnPay' do not exist in DOM anymore
For documentation on this error, please visit: https://www.seleniumhq.org/exceptions/stale_element_reference.html
Build info: version: '3.141.59', revision: 'e82be7d358', time: '2018-11-14T08:17:03'
System info: host: 'DESKTOP-0OM00FO', ip: '192.168.56.1', os.name: 'Windows 10', os.arch: 'amd64', os.version: '10.0', java.version: '1.8.0_221'
Driver info: io.appium.java_client.android.AndroidDriver
Capabilities {appActivity: hu.drukka.servee.ui.MainAct..., appPackage: hu.drukka.servee, automationName: uiautomator2, databaseEnabled: false, desired: {appActivity: hu.drukka.servee.ui.MainAct..., appPackage: hu.drukka.servee, automationName: uiautomator2, deviceName: Android Emulator, noReset: false, orientation: PORTRAIT, platformName: android, platformVersion: 9, systemPort: 8200, udid: ce10171ac14acf2004}, deviceApiLevel: 28, deviceManufacturer: samsung, deviceModel: SM-G950F, deviceName: ce10171ac14acf2004, deviceScreenDensity: 640, deviceScreenSize: 1440x2960, deviceUDID: ce10171ac14acf2004, javascriptEnabled: true, locationContextEnabled: false, networkConnectionEnabled: true, noReset: false, orientation: PORTRAIT, pixelRatio: 4, platform: LINUX, platformName: Android, platformVersion: 9, statBarHeight: 96, systemPort: 8200, takesScreenshot: true, udid: ce10171ac14acf2004, viewportRect: {height: 2672, left: 0, top: 96, width: 1440}, warnings: {}, webStorageEnabled: false}
Session ID: 54231252-3225-4b63-a9f7-8ccbe00a8be8
at sun.reflect.NativeConstructorAccessorImpl.newInstance0(Native Method)
at sun.reflect.NativeConstructorAccessorImpl.newInstance(NativeConstructorAccessorImpl.java:62)
at sun.reflect.DelegatingConstructorAccessorImpl.newInstance(DelegatingConstructorAccessorImpl.java:45)
at java.lang.reflect.Constructor.newInstance(Constructor.java:423)
at org.openqa.selenium.remote.http.W3CHttpResponseCodec.createException(W3CHttpResponseCodec.java:187)
at org.openqa.selenium.remote.http.W3CHttpResponseCodec.decode(W3CHttpResponseCodec.java:122)
at org.openqa.selenium.remote.http.W3CHttpResponseCodec.decode(W3CHttpResponseCodec.java:49)
at org.openqa.selenium.remote.HttpCommandExecutor.execute(HttpCommandExecutor.java:158)
at io.appium.java_client.remote.AppiumCommandExecutor.execute(AppiumCommandExecutor.java:239)
at org.openqa.selenium.remote.RemoteWebDriver.execute(RemoteWebDriver.java:552)
at io.appium.java_client.DefaultGenericMobileDriver.execute(DefaultGenericMobileDriver.java:41)
at io.appium.java_client.AppiumDriver.execute(AppiumDriver.java:1)
at io.appium.java_client.android.AndroidDriver.execute(AndroidDriver.java:1)
at org.openqa.selenium.remote.RemoteWebElement.execute(RemoteWebElement.java:285)
at io.appium.java_client.DefaultGenericMobileElement.execute(DefaultGenericMobileElement.java:45)
at io.appium.java_client.MobileElement.execute(MobileElement.java:1)
at io.appium.java_client.android.AndroidElement.execute(AndroidElement.java:1)
at org.openqa.selenium.remote.RemoteWebElement.isDisplayed(RemoteWebElement.java:326)
at org.openqa.selenium.support.ui.ExpectedConditions$8.apply(ExpectedConditions.java:233)
at org.openqa.selenium.support.ui.ExpectedConditions$8.apply(ExpectedConditions.java:228)
at org.openqa.selenium.support.ui.FluentWait.until(FluentWait.java:249)
at pages.prl.scrn.droid.GenAndroidCaseBuilder.waitFor(GenAndroidCaseBuilder.java:28)
at pages.prl.scrn.droid.GenAndroidCaseBuilder.clickEvent(GenAndroidCaseBuilder.java:40)
at pages.prl.scrn.droid.SimpleScreen.clickIt(SimpleScreen.java:22)
at pages.prl.scrn.droid.SimpleScreen.repeatClick(SimpleScreen.java:50)
at pages.prl.tests.AndroidNativeParallelTests.testLoginAndLogout(AndroidNativeParallelTests.java:69)
at sun.reflect.NativeMethodAccessorImpl.invoke0(Native Method)
at sun.reflect.NativeMethodAccessorImpl.invoke(NativeMethodAccessorImpl.java:62)
at sun.reflect.DelegatingMethodAccessorImpl.invoke(DelegatingMethodAccessorImpl.java:43)
at java.lang.reflect.Method.invoke(Method.java:498)
at org.testng.internal.MethodInvocationHelper.invokeMethod(MethodInvocationHelper.java:133)
at org.testng.internal.TestInvoker.invokeMethod(TestInvoker.java:584)
at org.testng.internal.TestInvoker.invokeTestMethod(TestInvoker.java:172)
at org.testng.internal.MethodRunner.runInSequence(MethodRunner.java:46)
at org.testng.internal.TestInvoker$MethodInvocationAgent.invoke(TestInvoker.java:804)
at org.testng.internal.TestInvoker.invokeTestMethods(TestInvoker.java:145)
at org.testng.internal.TestMethodWorker.invokeTestMethods(TestMethodWorker.java:146)
at org.testng.internal.TestMethodWorker.run(TestMethodWorker.java:128)
at java.util.ArrayList.forEach(ArrayList.java:1257)
at org.testng.TestRunner.privateRun(TestRunner.java:770)
at org.testng.TestRunner.run(TestRunner.java:591)
at org.testng.SuiteRunner.runTest(SuiteRunner.java:402)
at org.testng.SuiteRunner.access$000(SuiteRunner.java:41)
at org.testng.SuiteRunner$SuiteWorker.run(SuiteRunner.java:443)
at org.testng.internal.thread.ThreadUtil.lambda$execute$0(ThreadUtil.java:67)
at java.util.concurrent.FutureTask.run(FutureTask.java:266)
at java.util.concurrent.ThreadPoolExecutor.runWorker(ThreadPoolExecutor.java:1149)
at java.util.concurrent.ThreadPoolExecutor$Worker.run(ThreadPoolExecutor.java:624)
at java.lang.Thread.run(Thread.java:748)
]]>
            </full-stacktrace>
          </exception> <!-- org.openqa.selenium.StaleElementReferenceException -->
          <reporter-output>
          </reporter-output>
        </test-method> <!-- testLoginAndLogout -->
        <test-method status="PASS" signature="teardown()[pri:0, instance:pages.prl.tests.AndroidNativeParallelTests@553f17c]" name="teardown" is-config="true" duration-ms="744" started-at="2019-11-05T12:22:57 CET" finished-at="2019-11-05T12:22:58 CET">
          <reporter-output>
          </reporter-output>
        </test-method> <!-- teardown -->
      </class> <!-- pages.prl.tests.AndroidNativeParallelTests -->
    </test> <!-- Android native app test on s8 -->
  </suite> <!-- AndroidNativeSuite -->
</testng-results>
