<?xml version="1.0" encoding="UTF-8"?>
<!-- Generated by org.testng.reporters.JUnitXMLReporter -->
<testsuite hostname="DESKTOP-0OM00FO" ignored="0" name="Android native app test on s8" tests="1" failures="1" timestamp="2019-11-05T12:22:58 CET" time="27.711" errors="0">
  <testcase name="testLoginAndLogout" time="13.565" classname="pages.prl.tests.AndroidNativeParallelTests">
    <failure type="org.openqa.selenium.StaleElementReferenceException" message="Cached elements &amp;apos;By.id: hu.drukka.servee:id/btnPay&amp;apos; do not exist in DOM anymore
For documentation on this error, please visit: https://www.seleniumhq.org/exceptions/stale_element_reference.html
Build info: version: &amp;apos;3.141.59&amp;apos;, revision: &amp;apos;e82be7d358&amp;apos;, time: &amp;apos;2018-11-14T08:17:03&amp;apos;
System info: host: &amp;apos;DESKTOP-0OM00FO&amp;apos;, ip: &amp;apos;192.168.56.1&amp;apos;, os.name: &amp;apos;Windows 10&amp;apos;, os.arch: &amp;apos;amd64&amp;apos;, os.version: &amp;apos;10.0&amp;apos;, java.version: &amp;apos;1.8.0_221&amp;apos;
Driver info: io.appium.java_client.android.AndroidDriver
Capabilities {appActivity: hu.drukka.servee.ui.MainAct..., appPackage: hu.drukka.servee, automationName: uiautomator2, databaseEnabled: false, desired: {appActivity: hu.drukka.servee.ui.MainAct..., appPackage: hu.drukka.servee, automationName: uiautomator2, deviceName: Android Emulator, noReset: false, orientation: PORTRAIT, platformName: android, platformVersion: 9, systemPort: 8200, udid: ce10171ac14acf2004}, deviceApiLevel: 28, deviceManufacturer: samsung, deviceModel: SM-G950F, deviceName: ce10171ac14acf2004, deviceScreenDensity: 640, deviceScreenSize: 1440x2960, deviceUDID: ce10171ac14acf2004, javascriptEnabled: true, locationContextEnabled: false, networkConnectionEnabled: true, noReset: false, orientation: PORTRAIT, pixelRatio: 4, platform: LINUX, platformName: Android, platformVersion: 9, statBarHeight: 96, systemPort: 8200, takesScreenshot: true, udid: ce10171ac14acf2004, viewportRect: {height: 2672, left: 0, top: 96, width: 1440}, warnings: {}, webStorageEnabled: false}
Session ID: 54231252-3225-4b63-a9f7-8ccbe00a8be8">
      <![CDATA[org.openqa.selenium.StaleElementReferenceException: Cached elements 'By.id: hu.drukka.servee:id/btnPay' do not exist in DOM anymore
For documentation on this error, please visit: https://www.seleniumhq.org/exceptions/stale_element_reference.html
Build info: version: '3.141.59', revision: 'e82be7d358', time: '2018-11-14T08:17:03'
System info: host: 'DESKTOP-0OM00FO', ip: '192.168.56.1', os.name: 'Windows 10', os.arch: 'amd64', os.version: '10.0', java.version: '1.8.0_221'
Driver info: io.appium.java_client.android.AndroidDriver
Capabilities {appActivity: hu.drukka.servee.ui.MainAct..., appPackage: hu.drukka.servee, automationName: uiautomator2, databaseEnabled: false, desired: {appActivity: hu.drukka.servee.ui.MainAct..., appPackage: hu.drukka.servee, automationName: uiautomator2, deviceName: Android Emulator, noReset: false, orientation: PORTRAIT, platformName: android, platformVersion: 9, systemPort: 8200, udid: ce10171ac14acf2004}, deviceApiLevel: 28, deviceManufacturer: samsung, deviceModel: SM-G950F, deviceName: ce10171ac14acf2004, deviceScreenDensity: 640, deviceScreenSize: 1440x2960, deviceUDID: ce10171ac14acf2004, javascriptEnabled: true, locationContextEnabled: false, networkConnectionEnabled: true, noReset: false, orientation: PORTRAIT, pixelRatio: 4, platform: LINUX, platformName: Android, platformVersion: 9, statBarHeight: 96, systemPort: 8200, takesScreenshot: true, udid: ce10171ac14acf2004, viewportRect: {height: 2672, left: 0, top: 96, width: 1440}, warnings: {}, webStorageEnabled: false}
Session ID: 54231252-3225-4b63-a9f7-8ccbe00a8be8
at org.openqa.selenium.remote.http.W3CHttpResponseCodec.createException(W3CHttpResponseCodec.java:187)
at org.openqa.selenium.remote.http.W3CHttpResponseCodec.decode(W3CHttpResponseCodec.java:122)
at org.openqa.selenium.remote.http.W3CHttpResponseCodec.decode(W3CHttpResponseCodec.java:49)
at org.openqa.selenium.remote.HttpCommandExecutor.execute(HttpCommandExecutor.java:158)
at io.appium.java_client.remote.AppiumCommandExecutor.execute(AppiumCommandExecutor.java:239)
at org.openqa.selenium.remote.RemoteWebDriver.execute(RemoteWebDriver.java:552)
at io.appium.java_client.DefaultGenericMobileDriver.execute(DefaultGenericMobileDriver.java:41)
at io.appium.java_client.AppiumDriver.execute(AppiumDriver.java:1)
at io.appium.java_client.android.AndroidDriver.execute(AndroidDriver.java:1)
at org.openqa.selenium.remote.RemoteWebElement.execute(RemoteWebElement.java:285)
at io.appium.java_client.DefaultGenericMobileElement.execute(DefaultGenericMobileElement.java:45)
at io.appium.java_client.MobileElement.execute(MobileElement.java:1)
at io.appium.java_client.android.AndroidElement.execute(AndroidElement.java:1)
at org.openqa.selenium.remote.RemoteWebElement.isDisplayed(RemoteWebElement.java:326)
at org.openqa.selenium.support.ui.ExpectedConditions$8.apply(ExpectedConditions.java:233)
at org.openqa.selenium.support.ui.ExpectedConditions$8.apply(ExpectedConditions.java:228)
at org.openqa.selenium.support.ui.FluentWait.until(FluentWait.java:249)
at pages.prl.scrn.droid.GenAndroidCaseBuilder.waitFor(GenAndroidCaseBuilder.java:28)
at pages.prl.scrn.droid.GenAndroidCaseBuilder.clickEvent(GenAndroidCaseBuilder.java:40)
at pages.prl.scrn.droid.SimpleScreen.clickIt(SimpleScreen.java:22)
at pages.prl.scrn.droid.SimpleScreen.repeatClick(SimpleScreen.java:50)
at pages.prl.tests.AndroidNativeParallelTests.testLoginAndLogout(AndroidNativeParallelTests.java:69)
at java.util.ArrayList.forEach(ArrayList.java:1257)
at java.util.concurrent.FutureTask.run(FutureTask.java:266)
at java.util.concurrent.ThreadPoolExecutor.runWorker(ThreadPoolExecutor.java:1149)
at java.util.concurrent.ThreadPoolExecutor$Worker.run(ThreadPoolExecutor.java:624)
at java.lang.Thread.run(Thread.java:748)
... Removed 22 stack frames]]>
    </failure>
  </testcase> <!-- testLoginAndLogout -->
</testsuite> <!-- Android native app test on s8 -->
