<?xml version="1.0" encoding="UTF-8"?>
<!-- Generated by org.testng.reporters.JUnitXMLReporter -->
<testsuite hostname="DESKTOP-0OM00FO" ignored="0" name="Android native app test on Pixel" tests="2" failures="1" timestamp="2019-11-22T11:36:08 CET" time="103.233" errors="0">
  <testcase name="testLoginAndLogout" time="0.0" classname="pages.prl.tests.AndroidNativeParallelTests">
    <skipped/>
  </testcase> <!-- testLoginAndLogout -->
  <testcase name="testLoginAndLogout" time="92.045" classname="pages.prl.tests.AndroidNativeParallelTests">
    <failure type="org.openqa.selenium.TimeoutException" message="Expected condition failed: waiting for visibility of all elements located by By.id: hu.drukka.echosafe:id/fab_main (tried for 30 second(s) with 500 milliseconds interval)
Build info: version: &amp;apos;3.141.59&amp;apos;, revision: &amp;apos;e82be7d358&amp;apos;, time: &amp;apos;2018-11-14T08:17:03&amp;apos;
System info: host: &amp;apos;DESKTOP-0OM00FO&amp;apos;, ip: &amp;apos;192.168.56.1&amp;apos;, os.name: &amp;apos;Windows 10&amp;apos;, os.arch: &amp;apos;amd64&amp;apos;, os.version: &amp;apos;10.0&amp;apos;, java.version: &amp;apos;1.8.0_221&amp;apos;
Driver info: io.appium.java_client.android.AndroidDriver
Capabilities {appActivity: hu.drukka.echosafe.Activiti..., appPackage: hu.drukka.echosafe, autoGrantPermissions: true, automationName: uiautomator2, databaseEnabled: false, desired: {appActivity: hu.drukka.echosafe.Activiti..., appPackage: hu.drukka.echosafe, autoGrantPermissions: true, automationName: uiautomator2, deviceName: Android Emulator, noReset: false, orientation: PORTRAIT, platformName: android, platformVersion: 8.0, systemPort: 8201, udid: emulator-5554}, deviceApiLevel: 22, deviceManufacturer: unknown, deviceModel: Android SDK built for x86, deviceName: emulator-5554, deviceScreenDensity: 240, deviceScreenSize: 480x800, deviceUDID: emulator-5554, javascriptEnabled: true, locationContextEnabled: false, networkConnectionEnabled: true, noReset: false, orientation: PORTRAIT, pixelRatio: 1.5, platform: LINUX, platformName: Android, platformVersion: 5.1.1, statBarHeight: 38, systemPort: 8201, takesScreenshot: true, udid: emulator-5554, viewportRect: {height: 762, left: 0, top: 38, width: 480}, warnings: {}, webStorageEnabled: false}
Session ID: fa801a65-3f90-4321-8ecb-191a4a3eea42">
      <![CDATA[org.openqa.selenium.TimeoutException: Expected condition failed: waiting for visibility of all elements located by By.id: hu.drukka.echosafe:id/fab_main (tried for 30 second(s) with 500 milliseconds interval)
Build info: version: '3.141.59', revision: 'e82be7d358', time: '2018-11-14T08:17:03'
System info: host: 'DESKTOP-0OM00FO', ip: '192.168.56.1', os.name: 'Windows 10', os.arch: 'amd64', os.version: '10.0', java.version: '1.8.0_221'
Driver info: io.appium.java_client.android.AndroidDriver
Capabilities {appActivity: hu.drukka.echosafe.Activiti..., appPackage: hu.drukka.echosafe, autoGrantPermissions: true, automationName: uiautomator2, databaseEnabled: false, desired: {appActivity: hu.drukka.echosafe.Activiti..., appPackage: hu.drukka.echosafe, autoGrantPermissions: true, automationName: uiautomator2, deviceName: Android Emulator, noReset: false, orientation: PORTRAIT, platformName: android, platformVersion: 8.0, systemPort: 8201, udid: emulator-5554}, deviceApiLevel: 22, deviceManufacturer: unknown, deviceModel: Android SDK built for x86, deviceName: emulator-5554, deviceScreenDensity: 240, deviceScreenSize: 480x800, deviceUDID: emulator-5554, javascriptEnabled: true, locationContextEnabled: false, networkConnectionEnabled: true, noReset: false, orientation: PORTRAIT, pixelRatio: 1.5, platform: LINUX, platformName: Android, platformVersion: 5.1.1, statBarHeight: 38, systemPort: 8201, takesScreenshot: true, udid: emulator-5554, viewportRect: {height: 762, left: 0, top: 38, width: 480}, warnings: {}, webStorageEnabled: false}
Session ID: fa801a65-3f90-4321-8ecb-191a4a3eea42
at org.openqa.selenium.support.ui.WebDriverWait.timeoutException(WebDriverWait.java:95)
at org.openqa.selenium.support.ui.FluentWait.until(FluentWait.java:272)
at pages.prl.scrn.droid.GenAndroidCaseBuilder.waitFor(GenAndroidCaseBuilder.java:32)
at pages.prl.scrn.droid.GenAndroidCaseBuilder.clickEvent(GenAndroidCaseBuilder.java:44)
at pages.prl.scrn.droid.SimpleScreen.clickIt(SimpleScreen.java:21)
at pages.prl.tests.AndroidNativeParallelTests.testLoginAndLogout(AndroidNativeParallelTests.java:72)
at java.util.ArrayList.forEach(ArrayList.java:1257)
at java.util.concurrent.FutureTask.run(FutureTask.java:266)
at java.util.concurrent.ThreadPoolExecutor.runWorker(ThreadPoolExecutor.java:1149)
at java.util.concurrent.ThreadPoolExecutor$Worker.run(ThreadPoolExecutor.java:624)
at java.lang.Thread.run(Thread.java:748)
... Removed 18 stack frames]]>
    </failure>
  </testcase> <!-- testLoginAndLogout -->
</testsuite> <!-- Android native app test on Pixel -->
